<testsuites name="results">
  <testsuite name="all" package="all">
    <property name="random_seed" value="1700250450" />
    <testcase name="run_test_data_001" classname="test_mac_ctrl_tx" file="/home/anmomu92/.local/lib/python3.10/site-packages/cocotb/regression.py" lineno="731" time="19.832279443740845" sim_time_ns="8520.0" ratio_time="429.60265985405675">
      <failure message="Test failed with RANDOM_SEED=1700250450" />
    </testcase>
    <testcase name="run_test_data_002" classname="test_mac_ctrl_tx" file="/home/anmomu92/.local/lib/python3.10/site-packages/cocotb/regression.py" lineno="731" time="0" sim_time_ns="0" ratio_time="nan">
      <failure message="Test failed with RANDOM_SEED=1700250450" />
    </testcase>
    <testcase name="run_test_data_003" classname="test_mac_ctrl_tx" file="/home/anmomu92/.local/lib/python3.10/site-packages/cocotb/regression.py" lineno="731" time="0" sim_time_ns="0" ratio_time="nan">
      <failure message="Test failed with RANDOM_SEED=1700250450" />
    </testcase>
    <testcase name="run_test_data_004" classname="test_mac_ctrl_tx" file="/home/anmomu92/.local/lib/python3.10/site-packages/cocotb/regression.py" lineno="731" time="0" sim_time_ns="0" ratio_time="nan">
      <failure message="Test failed with RANDOM_SEED=1700250450" />
    </testcase>
    <testcase name="run_test_mcf_001" classname="test_mac_ctrl_tx" file="/home/anmomu92/.local/lib/python3.10/site-packages/cocotb/regression.py" lineno="731" time="0" sim_time_ns="0" ratio_time="nan">
      <failure message="Test failed with RANDOM_SEED=1700250450" />
    </testcase>
    <testcase name="run_test_mcf_002" classname="test_mac_ctrl_tx" file="/home/anmomu92/.local/lib/python3.10/site-packages/cocotb/regression.py" lineno="731" time="0" sim_time_ns="0" ratio_time="nan">
      <failure message="Test failed with RANDOM_SEED=1700250450" />
    </testcase>
    <testcase name="run_test_mcf_003" classname="test_mac_ctrl_tx" file="/home/anmomu92/.local/lib/python3.10/site-packages/cocotb/regression.py" lineno="731" time="0" sim_time_ns="0" ratio_time="nan">
      <failure message="Test failed with RANDOM_SEED=1700250450" />
    </testcase>
    <testcase name="run_test_mcf_004" classname="test_mac_ctrl_tx" file="/home/anmomu92/.local/lib/python3.10/site-packages/cocotb/regression.py" lineno="731" time="0" sim_time_ns="0" ratio_time="nan">
      <failure message="Test failed with RANDOM_SEED=1700250450" />
    </testcase>
    <testcase name="run_test_tuser_assert_001" classname="test_mac_ctrl_tx" file="/home/anmomu92/.local/lib/python3.10/site-packages/cocotb/regression.py" lineno="731" time="0" sim_time_ns="0" ratio_time="nan">
      <failure message="Test failed with RANDOM_SEED=1700250450" />
    </testcase>
    <testcase name="run_arb_test_001" classname="test_mac_ctrl_tx" file="/home/anmomu92/.local/lib/python3.10/site-packages/cocotb/regression.py" lineno="731" time="0" sim_time_ns="0" ratio_time="nan">
      <failure message="Test failed with RANDOM_SEED=1700250450" />
    </testcase>
    <testcase name="run_stress_test_001" classname="test_mac_ctrl_tx" file="/home/anmomu92/.local/lib/python3.10/site-packages/cocotb/regression.py" lineno="731" time="0" sim_time_ns="0" ratio_time="nan">
      <failure message="Test failed with RANDOM_SEED=1700250450" />
    </testcase>
    <testcase name="run_stress_test_002" classname="test_mac_ctrl_tx" file="/home/anmomu92/.local/lib/python3.10/site-packages/cocotb/regression.py" lineno="731" time="0" sim_time_ns="0" ratio_time="nan">
      <failure message="Test failed with RANDOM_SEED=1700250450" />
    </testcase>
    <testcase name="run_stress_test_003" classname="test_mac_ctrl_tx" file="/home/anmomu92/.local/lib/python3.10/site-packages/cocotb/regression.py" lineno="731" time="0" sim_time_ns="0" ratio_time="nan">
      <failure message="Test failed with RANDOM_SEED=1700250450" />
    </testcase>
    <testcase name="run_stress_test_004" classname="test_mac_ctrl_tx" file="/home/anmomu92/.local/lib/python3.10/site-packages/cocotb/regression.py" lineno="731" time="0" sim_time_ns="0" ratio_time="nan">
      <failure message="Test failed with RANDOM_SEED=1700250450" />
    </testcase>
  </testsuite>
</testsuites>
